[0m13:27:34.901509 [debug] [MainThread]: Sending event: {'category': 'dbt', 'action': 'invocation', 'label': 'start', 'context': [<snowplow_tracker.self_describing_json.SelfDescribingJson object at 0x7fa8e6e6ad40>, <snowplow_tracker.self_describing_json.SelfDescribingJson object at 0x7fa8e52d7040>, <snowplow_tracker.self_describing_json.SelfDescribingJson object at 0x7fa8e52d6fe0>]}


============================== 13:27:34.904272 | 5cb79720-c2c1-4cdd-a827-3123c18572fe ==============================
[0m13:27:34.904272 [info ] [MainThread]: Running with dbt=1.7.9
[0m13:27:34.904796 [debug] [MainThread]: running dbt with arguments {'printer_width': '80', 'indirect_selection': 'eager', 'log_cache_events': 'False', 'write_json': 'True', 'partial_parse': 'True', 'cache_selected_only': 'False', 'warn_error': 'None', 'version_check': 'True', 'debug': 'False', 'log_path': 'logs', 'fail_fast': 'False', 'profiles_dir': '/home/scylla/.dbt', 'use_colors': 'True', 'use_experimental_parser': 'False', 'no_print': 'None', 'quiet': 'False', 'warn_error_options': 'WarnErrorOptions(include=[], exclude=[])', 'invocation_command': 'dbt init nba_dbt_project', 'log_format': 'default', 'static_parser': 'True', 'target_path': 'None', 'introspect': 'True', 'send_anonymous_usage_stats': 'True'}
[0m13:27:34.905578 [debug] [MainThread]: Starter project path: /home/scylla/nba_project/myenv/lib/python3.10/site-packages/dbt/include/starter_project
[0m13:27:34.907616 [info ] [MainThread]: 
Your new dbt project "nba_dbt_project" was created!

For more information on how to configure the profiles.yml file,
please consult the dbt documentation here:

  https://docs.getdbt.com/docs/configure-your-profile

One more thing:

Need help? Don't hesitate to reach out to us via GitHub issues or on Slack:

  https://community.getdbt.com/

Happy modeling!

[0m13:27:34.908107 [info ] [MainThread]: Setting up your profile.
[0m13:28:05.263658 [info ] [MainThread]: Profile nba_dbt_project written to /home/scylla/.dbt/profiles.yml using target's profile_template.yml and your supplied values. Run 'dbt debug' to validate the connection.
[0m13:28:05.264532 [debug] [MainThread]: Resource report: {"command_name": "init", "command_success": true, "command_wall_clock_time": 30.406027, "process_user_time": 1.914706, "process_kernel_time": 0.080113, "process_mem_max_rss": "94048", "process_in_blocks": "3744", "process_out_blocks": "80"}
[0m13:28:05.265132 [debug] [MainThread]: Command `dbt init` succeeded at 13:28:05.264990 after 30.41 seconds
[0m13:28:05.265503 [debug] [MainThread]: Sending event: {'category': 'dbt', 'action': 'invocation', 'label': 'end', 'context': [<snowplow_tracker.self_describing_json.SelfDescribingJson object at 0x7fa8e6e6ad40>, <snowplow_tracker.self_describing_json.SelfDescribingJson object at 0x7fa8e52d6fb0>, <snowplow_tracker.self_describing_json.SelfDescribingJson object at 0x7fa8e52d70a0>]}
[0m13:28:05.265903 [debug] [MainThread]: Flushing usage events
[0m13:46:55.341894 [debug] [MainThread]: Sending event: {'category': 'dbt', 'action': 'invocation', 'label': 'start', 'context': [<snowplow_tracker.self_describing_json.SelfDescribingJson object at 0x7f3b6073abc0>, <snowplow_tracker.self_describing_json.SelfDescribingJson object at 0x7f3b5ed52050>, <snowplow_tracker.self_describing_json.SelfDescribingJson object at 0x7f3b5ed51fc0>]}


============================== 13:46:55.344305 | 76c4ae90-02c7-4f02-81be-107171fea0ea ==============================
[0m13:46:55.344305 [info ] [MainThread]: Running with dbt=1.7.9
[0m13:46:55.344829 [debug] [MainThread]: running dbt with arguments {'printer_width': '80', 'indirect_selection': 'eager', 'log_cache_events': 'False', 'write_json': 'True', 'partial_parse': 'True', 'cache_selected_only': 'False', 'profiles_dir': '/home/scylla/.dbt', 'version_check': 'True', 'warn_error': 'None', 'log_path': 'logs', 'debug': 'False', 'fail_fast': 'False', 'use_colors': 'True', 'use_experimental_parser': 'False', 'no_print': 'None', 'quiet': 'False', 'log_format': 'default', 'introspect': 'True', 'invocation_command': 'dbt test', 'warn_error_options': 'WarnErrorOptions(include=[], exclude=[])', 'target_path': 'None', 'static_parser': 'True', 'send_anonymous_usage_stats': 'True'}
[0m13:46:55.345301 [error] [MainThread]: Encountered an error:
Runtime Error
  No dbt_project.yml found at expected path /home/scylla/nba_project/dbt/dbt_project.yml
  Verify that each entry within packages.yml (and their transitive dependencies) contains a file named dbt_project.yml
  
[0m13:46:55.346052 [debug] [MainThread]: Resource report: {"command_name": "test", "command_wall_clock_time": 0.046738002, "process_user_time": 1.879688, "process_kernel_time": 0.063989, "process_mem_max_rss": "89816", "process_out_blocks": "16", "command_success": false, "process_in_blocks": "0"}
[0m13:46:55.346606 [debug] [MainThread]: Command `dbt test` failed at 13:46:55.346471 after 0.05 seconds
[0m13:46:55.346967 [debug] [MainThread]: Sending event: {'category': 'dbt', 'action': 'invocation', 'label': 'end', 'context': [<snowplow_tracker.self_describing_json.SelfDescribingJson object at 0x7f3b6073abc0>, <snowplow_tracker.self_describing_json.SelfDescribingJson object at 0x7f3b5ed53bb0>, <snowplow_tracker.self_describing_json.SelfDescribingJson object at 0x7f3b5ed52ce0>]}
[0m13:46:55.347338 [debug] [MainThread]: Flushing usage events
